<?xml version="1.0" encoding="UTF-8"?>
<robot generator="Robot 3.2.1 (Python 3.8.2 on linux)" generated="20200514 00:21:22.405" rpa="false">
<suite id="s1" name="Repeatertest" source="/home/f00dog/Documents/Projects/Python/POCs/POC_UsingTaurusAndRF/repeatertest.robot">
<test id="s1-t1" name="Testing how to repeat tests">
<kw name="Run keywords several times" library="blazetest">
<arguments>
<arg>5</arg>
<arg>User can search for flights</arg>
</arguments>
<kw name="Convert To Integer" library="BuiltIn">
<doc>Converts the given item to an integer number.</doc>
<arguments>
<arg>0</arg>
</arguments>
<assign>
<var>${passes}</var>
</assign>
<msg timestamp="20200514 00:21:22.542" level="INFO">${passes} = 0</msg>
<status status="PASS" starttime="20200514 00:21:22.542" endtime="20200514 00:21:22.542"></status>
</kw>
<kw name="Convert To Integer" library="BuiltIn">
<doc>Converts the given item to an integer number.</doc>
<arguments>
<arg>0</arg>
</arguments>
<assign>
<var>${failures}</var>
</assign>
<msg timestamp="20200514 00:21:22.543" level="INFO">${failures} = 0</msg>
<status status="PASS" starttime="20200514 00:21:22.543" endtime="20200514 00:21:22.543"></status>
</kw>
<kw name="${n} IN RANGE [ ${number of tries} ]" type="for">
<kw name="${n} = 0" type="foritem">
<kw name="Run Keyword And Return Status" library="BuiltIn">
<doc>Runs the given keyword with given arguments and returns the status as a Boolean value.</doc>
<arguments>
<arg>Run Keyword And Continue On Failure</arg>
<arg>${keyword being run}</arg>
</arguments>
<assign>
<var>${test results}</var>
</assign>
<kw name="Run Keyword And Continue On Failure" library="BuiltIn">
<doc>Runs the keyword and continues execution even if a failure occurs.</doc>
<arguments>
<arg>${keyword being run}</arg>
</arguments>
<kw name="User can search for flights" library="blazetest">
<kw name="Open Browser" library="SeleniumLibrary">
<doc>Opens a new browser instance to the optional ``url``.</doc>
<arguments>
<arg>url=${URL}</arg>
<arg>browser=${BROWSER}</arg>
<arg>options=add_argument("--start-maximized")</arg>
<arg>executable_path=Driver/chromedriver</arg>
</arguments>
<msg timestamp="20200514 00:21:22.545" level="INFO">Opening browser 'Chrome' to base url 'http://blazedemo.com/'.</msg>
<status status="PASS" starttime="20200514 00:21:22.545" endtime="20200514 00:21:25.758"></status>
</kw>
<kw name="Select From List By Value" library="SeleniumLibrary">
<doc>Selects options from selection list ``locator`` by ``values``.</doc>
<arguments>
<arg>xpath://select[@name='fromPort']</arg>
<arg>Paris</arg>
</arguments>
<msg timestamp="20200514 00:21:25.759" level="INFO">Selecting options from selection list 'xpath://select[@name='fromPort']' by value Paris.</msg>
<status status="PASS" starttime="20200514 00:21:25.759" endtime="20200514 00:21:25.817"></status>
</kw>
<kw name="Select From List By Value" library="SeleniumLibrary">
<doc>Selects options from selection list ``locator`` by ``values``.</doc>
<arguments>
<arg>xpath://select[@name='toPort']</arg>
<arg>London</arg>
</arguments>
<msg timestamp="20200514 00:21:25.817" level="INFO">Selecting options from selection list 'xpath://select[@name='toPort']' by value London.</msg>
<status status="PASS" starttime="20200514 00:21:25.817" endtime="20200514 00:21:25.901"></status>
</kw>
<kw name="Click Button" library="SeleniumLibrary">
<doc>Clicks the button identified by ``locator``.</doc>
<arguments>
<arg>css:input[type='submit']</arg>
</arguments>
<msg timestamp="20200514 00:21:25.901" level="INFO">Clicking button 'css:input[type='submit']'.</msg>
<status status="PASS" starttime="20200514 00:21:25.901" endtime="20200514 00:21:26.301"></status>
</kw>
<kw name="Get WebElements" library="SeleniumLibrary">
<doc>Returns a list of WebElement objects matching the ``locator``.</doc>
<arguments>
<arg>css:table[class='table']&gt;tbody tr</arg>
</arguments>
<assign>
<var>@{flights}</var>
</assign>
<msg timestamp="20200514 00:21:26.333" level="INFO">@{flights} = [ &lt;selenium.webdriver.remote.webelement.WebElement (session="28058c87fbecbb794b25043f8932e5f2", element="bce65af2-0694-4a75-9598-57252b4ddfff")&gt; | &lt;selenium.webdriver.remote.webelement.WebElement (ses...</msg>
<status status="PASS" starttime="20200514 00:21:26.301" endtime="20200514 00:21:26.333"></status>
</kw>
<kw name="Should Not Be Empty" library="BuiltIn">
<doc>Verifies that the given item is not empty.</doc>
<arguments>
<arg>${flights}</arg>
</arguments>
<msg timestamp="20200514 00:21:26.334" level="INFO">Length is 5</msg>
<status status="PASS" starttime="20200514 00:21:26.333" endtime="20200514 00:21:26.334"></status>
</kw>
<status status="PASS" starttime="20200514 00:21:22.544" endtime="20200514 00:21:26.335"></status>
</kw>
<status status="PASS" starttime="20200514 00:21:22.544" endtime="20200514 00:21:26.335"></status>
</kw>
<msg timestamp="20200514 00:21:26.335" level="INFO">${test results} = True</msg>
<status status="PASS" starttime="20200514 00:21:22.544" endtime="20200514 00:21:26.335"></status>
</kw>
<kw name="Log To Console" library="BuiltIn">
<doc>Logs the given message to the console.</doc>
<arguments>
<arg>Run number ${n + 1}</arg>
</arguments>
<status status="PASS" starttime="20200514 00:21:26.335" endtime="20200514 00:21:26.336"></status>
</kw>
<kw name="Run Keyword If" library="BuiltIn">
<doc>Runs the given keyword with the given arguments, if ``condition`` is true.</doc>
<arguments>
<arg>${test results}==True</arg>
<arg>Set Local Variable</arg>
<arg>${passes}</arg>
<arg>${passes + 1}</arg>
<arg>ELSE</arg>
<arg>Run Keyword</arg>
<arg>Set Local Variable</arg>
<arg>${failures}</arg>
<arg>${failures + 1}</arg>
</arguments>
<kw name="Set Local Variable" library="BuiltIn">
<doc>Makes a variable available everywhere within the local scope.</doc>
<arguments>
<arg>${passes}</arg>
<arg>${passes + 1}</arg>
</arguments>
<msg timestamp="20200514 00:21:26.338" level="INFO">${passes} = 1</msg>
<status status="PASS" starttime="20200514 00:21:26.337" endtime="20200514 00:21:26.338"></status>
</kw>
<status status="PASS" starttime="20200514 00:21:26.336" endtime="20200514 00:21:26.338"></status>
</kw>
<status status="PASS" starttime="20200514 00:21:22.543" endtime="20200514 00:21:26.338"></status>
</kw>
<kw name="${n} = 1" type="foritem">
<kw name="Run Keyword And Return Status" library="BuiltIn">
<doc>Runs the given keyword with given arguments and returns the status as a Boolean value.</doc>
<arguments>
<arg>Run Keyword And Continue On Failure</arg>
<arg>${keyword being run}</arg>
</arguments>
<assign>
<var>${test results}</var>
</assign>
<kw name="Run Keyword And Continue On Failure" library="BuiltIn">
<doc>Runs the keyword and continues execution even if a failure occurs.</doc>
<arguments>
<arg>${keyword being run}</arg>
</arguments>
<kw name="User can search for flights" library="blazetest">
<kw name="Open Browser" library="SeleniumLibrary">
<doc>Opens a new browser instance to the optional ``url``.</doc>
<arguments>
<arg>url=${URL}</arg>
<arg>browser=${BROWSER}</arg>
<arg>options=add_argument("--start-maximized")</arg>
<arg>executable_path=Driver/chromedriver</arg>
</arguments>
<msg timestamp="20200514 00:21:26.340" level="INFO">Opening browser 'Chrome' to base url 'http://blazedemo.com/'.</msg>
<status status="PASS" starttime="20200514 00:21:26.340" endtime="20200514 00:21:29.879"></status>
</kw>
<kw name="Select From List By Value" library="SeleniumLibrary">
<doc>Selects options from selection list ``locator`` by ``values``.</doc>
<arguments>
<arg>xpath://select[@name='fromPort']</arg>
<arg>Paris</arg>
</arguments>
<msg timestamp="20200514 00:21:29.881" level="INFO">Selecting options from selection list 'xpath://select[@name='fromPort']' by value Paris.</msg>
<status status="PASS" starttime="20200514 00:21:29.880" endtime="20200514 00:21:29.937"></status>
</kw>
<kw name="Select From List By Value" library="SeleniumLibrary">
<doc>Selects options from selection list ``locator`` by ``values``.</doc>
<arguments>
<arg>xpath://select[@name='toPort']</arg>
<arg>London</arg>
</arguments>
<msg timestamp="20200514 00:21:29.938" level="INFO">Selecting options from selection list 'xpath://select[@name='toPort']' by value London.</msg>
<status status="PASS" starttime="20200514 00:21:29.938" endtime="20200514 00:21:30.020"></status>
</kw>
<kw name="Click Button" library="SeleniumLibrary">
<doc>Clicks the button identified by ``locator``.</doc>
<arguments>
<arg>css:input[type='submit']</arg>
</arguments>
<msg timestamp="20200514 00:21:30.020" level="INFO">Clicking button 'css:input[type='submit']'.</msg>
<status status="PASS" starttime="20200514 00:21:30.020" endtime="20200514 00:21:30.382"></status>
</kw>
<kw name="Get WebElements" library="SeleniumLibrary">
<doc>Returns a list of WebElement objects matching the ``locator``.</doc>
<arguments>
<arg>css:table[class='table']&gt;tbody tr</arg>
</arguments>
<assign>
<var>@{flights}</var>
</assign>
<kw name="Capture Page Screenshot" library="SeleniumLibrary">
<doc>Takes a screenshot of the current page and embeds it into a log file.</doc>
<msg timestamp="20200514 00:21:30.450" level="FAIL">WebDriverException: Message: chrome not reachable
  (Session info: chrome=81.0.4044.138)
</msg>
<status status="FAIL" starttime="20200514 00:21:30.434" endtime="20200514 00:21:30.450"></status>
</kw>
<msg timestamp="20200514 00:21:30.451" level="WARN">Keyword 'Capture Page Screenshot' could not be run on failure: WebDriverException: Message: chrome not reachable
  (Session info: chrome=81.0.4044.138)
</msg>
<msg timestamp="20200514 00:21:30.453" level="FAIL">NoSuchWindowException: Message: no such window: window was already closed
  (Session info: chrome=81.0.4044.138)
</msg>
<status status="FAIL" starttime="20200514 00:21:30.383" endtime="20200514 00:21:30.453"></status>
</kw>
<status status="FAIL" starttime="20200514 00:21:26.339" endtime="20200514 00:21:30.454"></status>
</kw>
<status status="FAIL" starttime="20200514 00:21:26.339" endtime="20200514 00:21:30.454"></status>
</kw>
<msg timestamp="20200514 00:21:30.455" level="INFO">${test results} = False</msg>
<status status="PASS" starttime="20200514 00:21:26.338" endtime="20200514 00:21:30.455"></status>
</kw>
<kw name="Log To Console" library="BuiltIn">
<doc>Logs the given message to the console.</doc>
<arguments>
<arg>Run number ${n + 1}</arg>
</arguments>
<status status="PASS" starttime="20200514 00:21:30.455" endtime="20200514 00:21:30.456"></status>
</kw>
<kw name="Run Keyword If" library="BuiltIn">
<doc>Runs the given keyword with the given arguments, if ``condition`` is true.</doc>
<arguments>
<arg>${test results}==True</arg>
<arg>Set Local Variable</arg>
<arg>${passes}</arg>
<arg>${passes + 1}</arg>
<arg>ELSE</arg>
<arg>Run Keyword</arg>
<arg>Set Local Variable</arg>
<arg>${failures}</arg>
<arg>${failures + 1}</arg>
</arguments>
<kw name="Run Keyword" library="BuiltIn">
<doc>Executes the given keyword with the given arguments.</doc>
<arguments>
<arg>Set Local Variable</arg>
<arg>${failures}</arg>
<arg>${failures + 1}</arg>
</arguments>
<kw name="Set Local Variable" library="BuiltIn">
<doc>Makes a variable available everywhere within the local scope.</doc>
<arguments>
<arg>${failures}</arg>
<arg>${failures + 1}</arg>
</arguments>
<msg timestamp="20200514 00:21:30.463" level="INFO">${failures} = 1</msg>
<status status="PASS" starttime="20200514 00:21:30.462" endtime="20200514 00:21:30.463"></status>
</kw>
<status status="PASS" starttime="20200514 00:21:30.458" endtime="20200514 00:21:30.463"></status>
</kw>
<status status="PASS" starttime="20200514 00:21:30.456" endtime="20200514 00:21:30.463"></status>
</kw>
<status status="PASS" starttime="20200514 00:21:26.338" endtime="20200514 00:21:30.464"></status>
</kw>
<kw name="${n} = 2" type="foritem">
<kw name="Run Keyword And Return Status" library="BuiltIn">
<doc>Runs the given keyword with given arguments and returns the status as a Boolean value.</doc>
<arguments>
<arg>Run Keyword And Continue On Failure</arg>
<arg>${keyword being run}</arg>
</arguments>
<assign>
<var>${test results}</var>
</assign>
<kw name="Run Keyword And Continue On Failure" library="BuiltIn">
<doc>Runs the keyword and continues execution even if a failure occurs.</doc>
<arguments>
<arg>${keyword being run}</arg>
</arguments>
<kw name="User can search for flights" library="blazetest">
<kw name="Open Browser" library="SeleniumLibrary">
<doc>Opens a new browser instance to the optional ``url``.</doc>
<arguments>
<arg>url=${URL}</arg>
<arg>browser=${BROWSER}</arg>
<arg>options=add_argument("--start-maximized")</arg>
<arg>executable_path=Driver/chromedriver</arg>
</arguments>
<msg timestamp="20200514 00:21:30.467" level="INFO">Opening browser 'Chrome' to base url 'http://blazedemo.com/'.</msg>
<status status="PASS" starttime="20200514 00:21:30.466" endtime="20200514 00:21:33.498"></status>
</kw>
<kw name="Select From List By Value" library="SeleniumLibrary">
<doc>Selects options from selection list ``locator`` by ``values``.</doc>
<arguments>
<arg>xpath://select[@name='fromPort']</arg>
<arg>Paris</arg>
</arguments>
<msg timestamp="20200514 00:21:33.499" level="INFO">Selecting options from selection list 'xpath://select[@name='fromPort']' by value Paris.</msg>
<status status="PASS" starttime="20200514 00:21:33.499" endtime="20200514 00:21:33.559"></status>
</kw>
<kw name="Select From List By Value" library="SeleniumLibrary">
<doc>Selects options from selection list ``locator`` by ``values``.</doc>
<arguments>
<arg>xpath://select[@name='toPort']</arg>
<arg>London</arg>
</arguments>
<msg timestamp="20200514 00:21:33.559" level="INFO">Selecting options from selection list 'xpath://select[@name='toPort']' by value London.</msg>
<status status="PASS" starttime="20200514 00:21:33.559" endtime="20200514 00:21:33.633"></status>
</kw>
<kw name="Click Button" library="SeleniumLibrary">
<doc>Clicks the button identified by ``locator``.</doc>
<arguments>
<arg>css:input[type='submit']</arg>
</arguments>
<msg timestamp="20200514 00:21:33.634" level="INFO">Clicking button 'css:input[type='submit']'.</msg>
<status status="PASS" starttime="20200514 00:21:33.633" endtime="20200514 00:21:34.014"></status>
</kw>
<kw name="Get WebElements" library="SeleniumLibrary">
<doc>Returns a list of WebElement objects matching the ``locator``.</doc>
<arguments>
<arg>css:table[class='table']&gt;tbody tr</arg>
</arguments>
<assign>
<var>@{flights}</var>
</assign>
<msg timestamp="20200514 00:21:34.034" level="INFO">@{flights} = [ &lt;selenium.webdriver.remote.webelement.WebElement (session="cf6748ee720415db63e5530f45dfdfb4", element="41c54282-c344-4cc8-a2ae-b9005571c6f8")&gt; | &lt;selenium.webdriver.remote.webelement.WebElement (ses...</msg>
<status status="PASS" starttime="20200514 00:21:34.014" endtime="20200514 00:21:34.034"></status>
</kw>
<kw name="Should Not Be Empty" library="BuiltIn">
<doc>Verifies that the given item is not empty.</doc>
<arguments>
<arg>${flights}</arg>
</arguments>
<msg timestamp="20200514 00:21:34.034" level="INFO">Length is 5</msg>
<status status="PASS" starttime="20200514 00:21:34.034" endtime="20200514 00:21:34.034"></status>
</kw>
<status status="PASS" starttime="20200514 00:21:30.465" endtime="20200514 00:21:34.034"></status>
</kw>
<status status="PASS" starttime="20200514 00:21:30.465" endtime="20200514 00:21:34.034"></status>
</kw>
<msg timestamp="20200514 00:21:34.034" level="INFO">${test results} = True</msg>
<status status="PASS" starttime="20200514 00:21:30.464" endtime="20200514 00:21:34.034"></status>
</kw>
<kw name="Log To Console" library="BuiltIn">
<doc>Logs the given message to the console.</doc>
<arguments>
<arg>Run number ${n + 1}</arg>
</arguments>
<status status="PASS" starttime="20200514 00:21:34.034" endtime="20200514 00:21:34.035"></status>
</kw>
<kw name="Run Keyword If" library="BuiltIn">
<doc>Runs the given keyword with the given arguments, if ``condition`` is true.</doc>
<arguments>
<arg>${test results}==True</arg>
<arg>Set Local Variable</arg>
<arg>${passes}</arg>
<arg>${passes + 1}</arg>
<arg>ELSE</arg>
<arg>Run Keyword</arg>
<arg>Set Local Variable</arg>
<arg>${failures}</arg>
<arg>${failures + 1}</arg>
</arguments>
<kw name="Set Local Variable" library="BuiltIn">
<doc>Makes a variable available everywhere within the local scope.</doc>
<arguments>
<arg>${passes}</arg>
<arg>${passes + 1}</arg>
</arguments>
<msg timestamp="20200514 00:21:34.036" level="INFO">${passes} = 2</msg>
<status status="PASS" starttime="20200514 00:21:34.035" endtime="20200514 00:21:34.036"></status>
</kw>
<status status="PASS" starttime="20200514 00:21:34.035" endtime="20200514 00:21:34.036"></status>
</kw>
<status status="PASS" starttime="20200514 00:21:30.464" endtime="20200514 00:21:34.036"></status>
</kw>
<kw name="${n} = 3" type="foritem">
<kw name="Run Keyword And Return Status" library="BuiltIn">
<doc>Runs the given keyword with given arguments and returns the status as a Boolean value.</doc>
<arguments>
<arg>Run Keyword And Continue On Failure</arg>
<arg>${keyword being run}</arg>
</arguments>
<assign>
<var>${test results}</var>
</assign>
<kw name="Run Keyword And Continue On Failure" library="BuiltIn">
<doc>Runs the keyword and continues execution even if a failure occurs.</doc>
<arguments>
<arg>${keyword being run}</arg>
</arguments>
<kw name="User can search for flights" library="blazetest">
<kw name="Open Browser" library="SeleniumLibrary">
<doc>Opens a new browser instance to the optional ``url``.</doc>
<arguments>
<arg>url=${URL}</arg>
<arg>browser=${BROWSER}</arg>
<arg>options=add_argument("--start-maximized")</arg>
<arg>executable_path=Driver/chromedriver</arg>
</arguments>
<msg timestamp="20200514 00:21:34.038" level="INFO">Opening browser 'Chrome' to base url 'http://blazedemo.com/'.</msg>
<status status="PASS" starttime="20200514 00:21:34.037" endtime="20200514 00:21:37.309"></status>
</kw>
<kw name="Select From List By Value" library="SeleniumLibrary">
<doc>Selects options from selection list ``locator`` by ``values``.</doc>
<arguments>
<arg>xpath://select[@name='fromPort']</arg>
<arg>Paris</arg>
</arguments>
<msg timestamp="20200514 00:21:37.311" level="INFO">Selecting options from selection list 'xpath://select[@name='fromPort']' by value Paris.</msg>
<status status="PASS" starttime="20200514 00:21:37.310" endtime="20200514 00:21:37.401"></status>
</kw>
<kw name="Select From List By Value" library="SeleniumLibrary">
<doc>Selects options from selection list ``locator`` by ``values``.</doc>
<arguments>
<arg>xpath://select[@name='toPort']</arg>
<arg>London</arg>
</arguments>
<msg timestamp="20200514 00:21:37.401" level="INFO">Selecting options from selection list 'xpath://select[@name='toPort']' by value London.</msg>
<status status="PASS" starttime="20200514 00:21:37.401" endtime="20200514 00:21:37.487"></status>
</kw>
<kw name="Click Button" library="SeleniumLibrary">
<doc>Clicks the button identified by ``locator``.</doc>
<arguments>
<arg>css:input[type='submit']</arg>
</arguments>
<msg timestamp="20200514 00:21:37.488" level="INFO">Clicking button 'css:input[type='submit']'.</msg>
<status status="PASS" starttime="20200514 00:21:37.488" endtime="20200514 00:21:37.873"></status>
</kw>
<kw name="Get WebElements" library="SeleniumLibrary">
<doc>Returns a list of WebElement objects matching the ``locator``.</doc>
<arguments>
<arg>css:table[class='table']&gt;tbody tr</arg>
</arguments>
<assign>
<var>@{flights}</var>
</assign>
<msg timestamp="20200514 00:21:37.910" level="INFO">@{flights} = [ &lt;selenium.webdriver.remote.webelement.WebElement (session="d1344a9de0ea47685257a3b2f1e0fdd7", element="11936834-b521-454d-947d-f55a5f9e2744")&gt; | &lt;selenium.webdriver.remote.webelement.WebElement (ses...</msg>
<status status="PASS" starttime="20200514 00:21:37.873" endtime="20200514 00:21:37.910"></status>
</kw>
<kw name="Should Not Be Empty" library="BuiltIn">
<doc>Verifies that the given item is not empty.</doc>
<arguments>
<arg>${flights}</arg>
</arguments>
<msg timestamp="20200514 00:21:37.912" level="INFO">Length is 5</msg>
<status status="PASS" starttime="20200514 00:21:37.911" endtime="20200514 00:21:37.913"></status>
</kw>
<status status="PASS" starttime="20200514 00:21:34.037" endtime="20200514 00:21:37.913"></status>
</kw>
<status status="PASS" starttime="20200514 00:21:34.036" endtime="20200514 00:21:37.913"></status>
</kw>
<msg timestamp="20200514 00:21:37.914" level="INFO">${test results} = True</msg>
<status status="PASS" starttime="20200514 00:21:34.036" endtime="20200514 00:21:37.914"></status>
</kw>
<kw name="Log To Console" library="BuiltIn">
<doc>Logs the given message to the console.</doc>
<arguments>
<arg>Run number ${n + 1}</arg>
</arguments>
<status status="PASS" starttime="20200514 00:21:37.914" endtime="20200514 00:21:37.916"></status>
</kw>
<kw name="Run Keyword If" library="BuiltIn">
<doc>Runs the given keyword with the given arguments, if ``condition`` is true.</doc>
<arguments>
<arg>${test results}==True</arg>
<arg>Set Local Variable</arg>
<arg>${passes}</arg>
<arg>${passes + 1}</arg>
<arg>ELSE</arg>
<arg>Run Keyword</arg>
<arg>Set Local Variable</arg>
<arg>${failures}</arg>
<arg>${failures + 1}</arg>
</arguments>
<kw name="Set Local Variable" library="BuiltIn">
<doc>Makes a variable available everywhere within the local scope.</doc>
<arguments>
<arg>${passes}</arg>
<arg>${passes + 1}</arg>
</arguments>
<msg timestamp="20200514 00:21:37.918" level="INFO">${passes} = 3</msg>
<status status="PASS" starttime="20200514 00:21:37.917" endtime="20200514 00:21:37.918"></status>
</kw>
<status status="PASS" starttime="20200514 00:21:37.917" endtime="20200514 00:21:37.918"></status>
</kw>
<status status="PASS" starttime="20200514 00:21:34.036" endtime="20200514 00:21:37.918"></status>
</kw>
<kw name="${n} = 4" type="foritem">
<kw name="Run Keyword And Return Status" library="BuiltIn">
<doc>Runs the given keyword with given arguments and returns the status as a Boolean value.</doc>
<arguments>
<arg>Run Keyword And Continue On Failure</arg>
<arg>${keyword being run}</arg>
</arguments>
<assign>
<var>${test results}</var>
</assign>
<kw name="Run Keyword And Continue On Failure" library="BuiltIn">
<doc>Runs the keyword and continues execution even if a failure occurs.</doc>
<arguments>
<arg>${keyword being run}</arg>
</arguments>
<kw name="User can search for flights" library="blazetest">
<kw name="Open Browser" library="SeleniumLibrary">
<doc>Opens a new browser instance to the optional ``url``.</doc>
<arguments>
<arg>url=${URL}</arg>
<arg>browser=${BROWSER}</arg>
<arg>options=add_argument("--start-maximized")</arg>
<arg>executable_path=Driver/chromedriver</arg>
</arguments>
<msg timestamp="20200514 00:21:37.923" level="INFO">Opening browser 'Chrome' to base url 'http://blazedemo.com/'.</msg>
<status status="PASS" starttime="20200514 00:21:37.922" endtime="20200514 00:21:41.299"></status>
</kw>
<kw name="Select From List By Value" library="SeleniumLibrary">
<doc>Selects options from selection list ``locator`` by ``values``.</doc>
<arguments>
<arg>xpath://select[@name='fromPort']</arg>
<arg>Paris</arg>
</arguments>
<msg timestamp="20200514 00:21:41.300" level="INFO">Selecting options from selection list 'xpath://select[@name='fromPort']' by value Paris.</msg>
<status status="PASS" starttime="20200514 00:21:41.300" endtime="20200514 00:21:41.368"></status>
</kw>
<kw name="Select From List By Value" library="SeleniumLibrary">
<doc>Selects options from selection list ``locator`` by ``values``.</doc>
<arguments>
<arg>xpath://select[@name='toPort']</arg>
<arg>London</arg>
</arguments>
<msg timestamp="20200514 00:21:41.368" level="INFO">Selecting options from selection list 'xpath://select[@name='toPort']' by value London.</msg>
<status status="PASS" starttime="20200514 00:21:41.368" endtime="20200514 00:21:41.440"></status>
</kw>
<kw name="Click Button" library="SeleniumLibrary">
<doc>Clicks the button identified by ``locator``.</doc>
<arguments>
<arg>css:input[type='submit']</arg>
</arguments>
<msg timestamp="20200514 00:21:41.441" level="INFO">Clicking button 'css:input[type='submit']'.</msg>
<status status="PASS" starttime="20200514 00:21:41.440" endtime="20200514 00:21:41.802"></status>
</kw>
<kw name="Get WebElements" library="SeleniumLibrary">
<doc>Returns a list of WebElement objects matching the ``locator``.</doc>
<arguments>
<arg>css:table[class='table']&gt;tbody tr</arg>
</arguments>
<assign>
<var>@{flights}</var>
</assign>
<msg timestamp="20200514 00:21:41.822" level="INFO">@{flights} = [ &lt;selenium.webdriver.remote.webelement.WebElement (session="357829bfaa09f2727968f6103cbb6ce2", element="b9447586-55f8-4732-8642-15e542d806b4")&gt; | &lt;selenium.webdriver.remote.webelement.WebElement (ses...</msg>
<status status="PASS" starttime="20200514 00:21:41.802" endtime="20200514 00:21:41.823"></status>
</kw>
<kw name="Should Not Be Empty" library="BuiltIn">
<doc>Verifies that the given item is not empty.</doc>
<arguments>
<arg>${flights}</arg>
</arguments>
<msg timestamp="20200514 00:21:41.824" level="INFO">Length is 5</msg>
<status status="PASS" starttime="20200514 00:21:41.823" endtime="20200514 00:21:41.824"></status>
</kw>
<status status="PASS" starttime="20200514 00:21:37.920" endtime="20200514 00:21:41.825"></status>
</kw>
<status status="PASS" starttime="20200514 00:21:37.919" endtime="20200514 00:21:41.825"></status>
</kw>
<msg timestamp="20200514 00:21:41.825" level="INFO">${test results} = True</msg>
<status status="PASS" starttime="20200514 00:21:37.919" endtime="20200514 00:21:41.825"></status>
</kw>
<kw name="Log To Console" library="BuiltIn">
<doc>Logs the given message to the console.</doc>
<arguments>
<arg>Run number ${n + 1}</arg>
</arguments>
<status status="PASS" starttime="20200514 00:21:41.825" endtime="20200514 00:21:41.826"></status>
</kw>
<kw name="Run Keyword If" library="BuiltIn">
<doc>Runs the given keyword with the given arguments, if ``condition`` is true.</doc>
<arguments>
<arg>${test results}==True</arg>
<arg>Set Local Variable</arg>
<arg>${passes}</arg>
<arg>${passes + 1}</arg>
<arg>ELSE</arg>
<arg>Run Keyword</arg>
<arg>Set Local Variable</arg>
<arg>${failures}</arg>
<arg>${failures + 1}</arg>
</arguments>
<kw name="Set Local Variable" library="BuiltIn">
<doc>Makes a variable available everywhere within the local scope.</doc>
<arguments>
<arg>${passes}</arg>
<arg>${passes + 1}</arg>
</arguments>
<msg timestamp="20200514 00:21:41.829" level="INFO">${passes} = 4</msg>
<status status="PASS" starttime="20200514 00:21:41.827" endtime="20200514 00:21:41.829"></status>
</kw>
<status status="PASS" starttime="20200514 00:21:41.826" endtime="20200514 00:21:41.829"></status>
</kw>
<status status="PASS" starttime="20200514 00:21:37.918" endtime="20200514 00:21:41.829"></status>
</kw>
<status status="PASS" starttime="20200514 00:21:22.543" endtime="20200514 00:21:41.829"></status>
</kw>
<kw name="Log To Console" library="BuiltIn">
<doc>Logs the given message to the console.</doc>
<arguments>
<arg>Number of Passes: ${passes}</arg>
<arg>stream=STDOUT</arg>
<arg>no_newline=False</arg>
</arguments>
<status status="PASS" starttime="20200514 00:21:41.830" endtime="20200514 00:21:41.830"></status>
</kw>
<kw name="Log To Console" library="BuiltIn">
<doc>Logs the given message to the console.</doc>
<arguments>
<arg>Number of Failures: ${failures}</arg>
<arg>stream=STDOUT</arg>
<arg>no_newline=False</arg>
</arguments>
<status status="PASS" starttime="20200514 00:21:41.831" endtime="20200514 00:21:41.831"></status>
</kw>
<status status="PASS" starttime="20200514 00:21:22.541" endtime="20200514 00:21:41.831"></status>
</kw>
<status status="PASS" starttime="20200514 00:21:22.540" endtime="20200514 00:21:41.832" critical="yes"></status>
</test>
<kw name="Close All Browsers" library="SeleniumLibrary" type="teardown">
<doc>Closes all open browsers and resets the browser cache.</doc>
<status status="PASS" starttime="20200514 00:21:41.834" endtime="20200514 00:21:42.106"></status>
</kw>
<doc>Attempting to try to use the</doc>
<status status="PASS" starttime="20200514 00:21:22.406" endtime="20200514 00:21:42.106"></status>
</suite>
<statistics>
<total>
<stat pass="1" fail="0">Critical Tests</stat>
<stat pass="1" fail="0">All Tests</stat>
</total>
<tag>
</tag>
<suite>
<stat pass="1" fail="0" id="s1" name="Repeatertest">Repeatertest</stat>
</suite>
</statistics>
<errors>
<msg timestamp="20200514 00:21:30.451" level="WARN">Keyword 'Capture Page Screenshot' could not be run on failure: WebDriverException: Message: chrome not reachable
  (Session info: chrome=81.0.4044.138)
</msg>
</errors>
</robot>
